#
# A fatal error has been detected by the Java Runtime Environment:
#
#  SIGILL (0x4) at pc=0x00007fff934312ea, pid=56318, tid=1811
#
# JRE version: Java(TM) SE Runtime Environment (8.0_20-b23) (build 1.8.0_20-ea-b23)
# Java VM: Java HotSpot(TM) 64-Bit Server VM (25.20-b22 mixed mode bsd-amd64 compressed oops)
# Problematic frame:
# C  [libobjc.A.dylib+0x122ea]  _objc_trap()+0x0
#
# Failed to write core dump. Core dumps have been disabled. To enable core dumping, try "ulimit -c unlimited" before starting Java again
#
# If you would like to submit a bug report, please visit:
#   http://bugreport.sun.com/bugreport/crash.jsp
# The crash happened outside the Java Virtual Machine in native code.
# See problematic frame for where to report the bug.
#

---------------  T H R E A D  ---------------

Current thread (0x00007ffdbd13d000):  JavaThread "AppKit Thread" daemon [_thread_in_native, id=1811, stack(0x00007fff514a2000,0x00007fff51ca2000)]

siginfo: si_signo: 4 (SIGILL), si_code: 1 (ILL_ILLOPC), si_addr: 0x00007fff934312ea

Registers:
RAX=0x0000000000000000, RBX=0x00007ffdba4bf3d0, RCX=0x0000000000000000, RDX=0x00007fff761141e0
RSP=0x00007fff51c9bca8, RBP=0x00007fff51c9bd90, RSI=0x0000010000000100, RDI=0x0000000000000103
R8 =0x00007fff51c9bc50, R9 =0x00000000fffffffe, R10=0x0000000000000000, R11=0xfffffffffffaab10
R12=0x00007fff75dbd070, R13=0x00007fff7611de80, R14=0x00007fff7611e0a8, R15=0x00007ffdba4c4380
RIP=0x00007fff934312ea, EFLAGS=0x0000000000010206, ERR=0x0000000000000000
  TRAPNO=0x0000000000000006

Top of Stack: (sp=0x00007fff51c9bca8)
0x00007fff51c9bca8:   00007fff9343142a 0000000000000000
0x00007fff51c9bcb8:   00007ffdba4bf3d0 00007fff8bfce9bb
0x00007fff51c9bcc8:   00007fff8bfce9bb 000000000000005f
0x00007fff51c9bcd8:   00007ffdba4bf3d0 00007fff51c9bd10
0x00007fff51c9bce8:   00007fff93441225 00007fff51c9bd50
0x00007fff51c9bcf8:   00007fff93434da1 00007fff7611e090
0x00007fff51c9bd08:   00007fff75dbd070 00007fff51c9bd70
0x00007fff51c9bd18:   00007ffdba4c4380 00007fff51c9bd50
0x00007fff51c9bd28:   00007fff8bfce9bb 00007fff8bfce9bb
0x00007fff51c9bd38:   0000000000000000 00007fff75365850
0x00007fff51c9bd48:   00007ffdba4c4380 00007fff51c9bd90
0x00007fff51c9bd58:   00007fff934365ad 00007ffdbc8e2440
0x00007fff51c9bd68:   00007ffdbc8df300 0000003000000018
0x00007fff51c9bd78:   00007fff51c9bda0 00007fff51c9bcb0
0x00007fff51c9bd88:   00007ffdba4c4380 00007fff51c9be00
0x00007fff51c9bd98:   00007fff93428c87 0000000000000000
0x00007fff51c9bda8:   00007ffdba73ce70 00007fff7611de80
0x00007fff51c9bdb8:   00007ffdba4c4300 00007fff51c9be20
0x00007fff51c9bdc8:   00007fff93428b21 bf0094c1b572d250
0x00007fff51c9bdd8:   00007fff7611de80 0000000000000000
0x00007fff51c9bde8:   00007fff7611de80 00007ffdba4c4380
0x00007fff51c9bdf8:   00007fff7611e080 00007fff51c9be60
0x00007fff51c9be08:   00007fff93428ac7 0000000000000000
0x00007fff51c9be18:   00007ffdba4bf3d0 0000000000000200
0x00007fff51c9be28:   00007ffdba4c4380 0000000000000000
0x00007fff51c9be38:   00007ffdba4aa6c0 0000000000000000
0x00007fff51c9be48:   00007ffdba4b6df0 00007ffdba4c41d0
0x00007fff51c9be58:   00007ffdba4bf3d0 00007fff51c9bea0
0x00007fff51c9be68:   00007fff87c322bc 00007ffdba4aa6c0
0x00007fff51c9be78:   0000000000000000 00007ffdba4bf3d0
0x00007fff51c9be88:   00007fff934200c0 00007ffdba4aa6c0
0x00007fff51c9be98:   00007fff7537cc18 00007fff51c9bed0 

Instructions: (pc=0x00007fff934312ea)
0x00007fff934312ca:   c0 44 89 f2 e8 1f 08 01 00 48 8b 7d e0 e8 30 cc
0x00007fff934312da:   ff ff 48 8b 7d e0 e8 d3 15 ff ff e8 00 00 00 00
0x00007fff934312ea:   0f 0b 55 48 89 e5 48 81 ec d0 00 00 00 84 c0 74
0x00007fff934312fa:   26 0f 29 85 60 ff ff ff 0f 29 8d 70 ff ff ff 0f 

Register to memory mapping:

RAX=0x0000000000000000 is an unknown value
RBX=0x00007ffdba4bf3d0 is an unknown value
RCX=0x0000000000000000 is an unknown value
RDX=0x00007fff761141e0: _ZZL14_objc_crashlogPKcE13crashlog_lock+0x20 in /usr/lib/libobjc.A.dylib at 0x00007fff9341f000
RSP=0x00007fff51c9bca8 is pointing into the stack for thread: 0x00007ffdbd13d000
RBP=0x00007fff51c9bd90 is pointing into the stack for thread: 0x00007ffdbd13d000
RSI=0x0000010000000100 is an unknown value
RDI=0x0000000000000103 is an unknown value
R8 =0x00007fff51c9bc50 is pointing into the stack for thread: 0x00007ffdbd13d000
R9 =0x00000000fffffffe is an unknown value
R10=0x0000000000000000 is an unknown value
R11=0xfffffffffffaab10 is an unknown value
R12=0x00007fff75dbd070: __stack_chk_guard+0 in /usr/lib/system/libsystem_c.dylib at 0x00007fff91434000
R13=0x00007fff7611de80: _ZN12_GLOBAL__N_19SideTable9table_bufE+0 in /usr/lib/libobjc.A.dylib at 0x00007fff9341f000
R14=0x00007fff7611e0a8: _ZN12_GLOBAL__N_19SideTable9table_bufE+0x228 in /usr/lib/libobjc.A.dylib at 0x00007fff9341f000
R15=0x00007ffdba4c4380 is an unknown value


Stack: [0x00007fff514a2000,0x00007fff51ca2000],  sp=0x00007fff51c9bca8,  free space=8167k
Native frames: (J=compiled Java code, j=interpreted, Vv=VM code, C=native code)
C  [libobjc.A.dylib+0x122ea]  _objc_trap()+0x0
C  [libobjc.A.dylib+0x9c87]  class_getMethodImplementation+0x0
C  [libobjc.A.dylib+0x9ac7]  objc_storeWeak+0xe9
C  [Foundation+0x1a2bc]  -[NSConcreteMapTable setObject:forKey:]+0x6e
C  [AppKit+0x57dcde]  -[NSView(NSOpenGLContextAssociation) _setOpenGLContext:]+0xf2
C  [AppKit+0x2c6673]  -[NSOpenGLContext setView:]+0x5b
C  [liblwjgl.dylib+0xa586]  -[MacOSXOpenGLView lockFocus]+0x76
C  [AppKit+0x14e3c5]  -[NSView _recursiveDisplayRectIfNeededIgnoringOpacity:isVisibleRect:rectIsVisibleRectForView:topView:]+0x740
C  [AppKit+0x14f420]  -[NSView _recursiveDisplayRectIfNeededIgnoringOpacity:isVisibleRect:rectIsVisibleRectForView:topView:]+0x179b
C  [AppKit+0x14d773]  -[NSThemeFrame _recursiveDisplayRectIfNeededIgnoringOpacity:isVisibleRect:rectIsVisibleRectForView:topView:]+0x14d
C  [AppKit+0x14a2cb]  -[NSView _displayRectIgnoringOpacity:isVisibleRect:rectIsVisibleRectForView:]+0xac9
C  [AppKit+0x128e2d]  -[NSView displayIfNeeded]+0x754
C  [AppKit+0x1461c5]  -[NSWindow displayIfNeeded]+0xe8
C  [AppKit+0x183322]  _handleWindowNeedsDisplayOrLayoutOrUpdateConstraints+0x3a8
C  [AppKit+0x74c0e1]  __83-[NSWindow _postWindowNeedsDisplayOrLayoutOrUpdateConstraintsUnlessPostingDisabled]_block_invoke1531+0x2e
C  [CoreFoundation+0x7fda7]  __CFRUNLOOP_IS_CALLING_OUT_TO_AN_OBSERVER_CALLBACK_FUNCTION__+0x17
C  [CoreFoundation+0x7fd00]  __CFRunLoopDoObservers+0x170
C  [CoreFoundation+0x71e08]  __CFRunLoopRun+0x368
C  [CoreFoundation+0x71858]  CFRunLoopRunSpecific+0x128
C  [HIToolbox+0x2eaef]  RunCurrentEventLoopInMode+0xeb
C  [HIToolbox+0x2e76e]  ReceiveNextEventCommon+0xb3
C  [HIToolbox+0x2e6ab]  _BlockUntilNextEventMatchingListInModeWithFilter+0x47
C  [AppKit+0x23f81]  _DPSNextEvent+0x3c4
C  [AppKit+0x23730]  -[NSApplication nextEventMatchingMask:untilDate:inMode:dequeue:]+0xc2
C  [libosxapp.dylib+0x242a]  -[NSApplicationAWT nextEventMatchingMask:untilDate:inMode:dequeue:]+0x7c
C  [AppKit+0x17593]  -[NSApplication run]+0x252
C  [libosxapp.dylib+0x223e]  +[NSApplicationAWT runAWTLoopWithApp:]+0x9c
C  [libawt_lwawt.dylib+0x4494f]  -[AWTStarter starter:]+0x389
C  [Foundation+0x65cdc]  __NSThreadPerformPerform+0x125
C  [CoreFoundation+0x80681]  __CFRUNLOOP_IS_CALLING_OUT_TO_A_SOURCE0_PERFORM_FUNCTION__+0x11
C  [CoreFoundation+0x7280d]  __CFRunLoopDoSources0+0x10d
C  [CoreFoundation+0x71e3f]  __CFRunLoopRun+0x39f
C  [CoreFoundation+0x71858]  CFRunLoopRunSpecific+0x128
C  [java+0x56cc]  CreateExecutionEnvironment+0x367
C  [java+0x165c]  JLI_Launch+0x7a0
C  [java+0x768a]  main+0x65
C  [java+0xeb4]  start+0x34
C  0x0000000000000005


---------------  P R O C E S S  ---------------

Java Threads: ( => current thread )
  0x00007ffdbd083800 JavaThread "AWT-Shutdown" [_thread_blocked, id=76419, stack(0x00000001357e7000,0x00000001358e7000)]
  0x00007ffdbd25d800 JavaThread "Keep-Alive-Timer" daemon [_thread_blocked, id=31247, stack(0x000000012f425000,0x000000012f525000)]
  0x00007ffdbc151800 JavaThread "pool-1-thread-2" [_thread_in_native, id=74779, stack(0x00000001354c8000,0x00000001355c8000)]
  0x00007ffdbd33e000 JavaThread "pool-1-thread-1" [_thread_blocked, id=74499, stack(0x00000001353c5000,0x00000001354c5000)]
  0x00007ffdbc123000 JavaThread "DestroyJavaVM" [_thread_blocked, id=4867, stack(0x000000010e074000,0x000000010e174000)]
  0x00007ffdbc122000 JavaThread "LWJGL Application" [_thread_in_native, id=71427, stack(0x0000000132a1f000,0x0000000132b1f000)]
=>0x00007ffdbd13d000 JavaThread "AppKit Thread" daemon [_thread_in_native, id=1811, stack(0x00007fff514a2000,0x00007fff51ca2000)]
  0x00007ffdba882000 JavaThread "Service Thread" daemon [_thread_blocked, id=20739, stack(0x000000012da1a000,0x000000012db1a000)]
  0x00007ffdbc00e000 JavaThread "C1 CompilerThread3" daemon [_thread_blocked, id=20227, stack(0x000000012d917000,0x000000012da17000)]
  0x00007ffdbc00d000 JavaThread "C2 CompilerThread2" daemon [_thread_blocked, id=19715, stack(0x000000012d814000,0x000000012d914000)]
  0x00007ffdba867000 JavaThread "C2 CompilerThread1" daemon [_thread_blocked, id=19203, stack(0x000000012d711000,0x000000012d811000)]
  0x00007ffdbd031000 JavaThread "C2 CompilerThread0" daemon [_thread_blocked, id=18691, stack(0x000000012d60e000,0x000000012d70e000)]
  0x00007ffdba84a800 JavaThread "Signal Dispatcher" daemon [_thread_blocked, id=15627, stack(0x000000012d50b000,0x000000012d60b000)]
  0x00007ffdba834800 JavaThread "Finalizer" daemon [_thread_blocked, id=13571, stack(0x000000012bbc3000,0x000000012bcc3000)]
  0x00007ffdbc005000 JavaThread "Reference Handler" daemon [_thread_blocked, id=13059, stack(0x000000012bac0000,0x000000012bbc0000)]

Other Threads:
  0x00007ffdbd02e000 VMThread [stack: 0x000000012b9bd000,0x000000012babd000] [id=12547]
  0x00007ffdba842800 WatcherThread [stack: 0x000000012db1d000,0x000000012dc1d000] [id=21251]

VM state:not at safepoint (normal execution)

VM Mutex/Monitor currently owned by a thread: None

Heap:
 PSYoungGen      total 76288K, used 34564K [0x000000076ab00000, 0x0000000770000000, 0x00000007c0000000)
  eden space 65536K, 52% used [0x000000076ab00000,0x000000076ccc1220,0x000000076eb00000)
  from space 10752K, 0% used [0x000000076f580000,0x000000076f580000,0x0000000770000000)
  to   space 10752K, 0% used [0x000000076eb00000,0x000000076eb00000,0x000000076f580000)
 ParOldGen       total 175104K, used 0K [0x00000006c0000000, 0x00000006cab00000, 0x000000076ab00000)
  object space 175104K, 0% used [0x00000006c0000000,0x00000006c0000000,0x00000006cab00000)
 Metaspace       used 11837K, capacity 11917K, committed 12032K, reserved 1060864K
  class space    used 1231K, capacity 1269K, committed 1280K, reserved 1048576K

Card table byte_map: [0x000000011f4da000,0x000000011fcdb000] byte_map_base: 0x000000011beda000

Marking Bits: (ParMarkBitMap*) 0x000000010fa9c290
 Begin Bits: [0x0000000120a49000, 0x0000000124a49000)
 End Bits:   [0x0000000124a49000, 0x0000000128a49000)

Polling page: 0x000000010e1b8000

CodeCache: size=245760Kb used=3842Kb max_used=3849Kb free=241917Kb
 bounds [0x000000011011a000, 0x00000001104ea000, 0x000000011f11a000]
 total_blobs=1532 nmethods=1066 adapters=381
 compilation: enabled

Compilation events (10 events):
Event: 7.663 Thread 0x00007ffdbd031000 1061       4       com.badlogic.gdx.graphics.glutils.ShaderProgram::fetchUniformLocation (90 bytes)
Event: 7.671 Thread 0x00007ffdbd031000 nmethod 1061 0x00000001104dc590 code [0x00000001104dc760, 0x00000001104dcfb0]
Event: 7.693 Thread 0x00007ffdbc00e000 1063       3       sun.awt.AWTAutoShutdown::getInstance (4 bytes)
Event: 7.694 Thread 0x00007ffdbc00e000 nmethod 1063 0x00000001104dbf50 code [0x00000001104dc0a0, 0x00000001104dc1d0]
Event: 7.694 Thread 0x00007ffdbc00e000 1064   !   3       sun.awt.AWTAutoShutdown::setToolkitBusy (124 bytes)
Event: 7.694 Thread 0x00007ffdbc00e000 nmethod 1064 0x00000001104db110 code [0x00000001104db2e0, 0x00000001104dbb68]
Event: 7.880 Thread 0x00007ffdbc00d000 1065       4       com.badlogic.gdx.math.Matrix4::idt (124 bytes)
Event: 7.881 Thread 0x00007ffdbc00d000 nmethod 1065 0x00000001104d9910 code [0x00000001104d9a60, 0x00000001104d9b58]
Event: 8.080 Thread 0x00007ffdbc00e000 1066       3       java.lang.ClassLoader::defineClass (43 bytes)
Event: 8.081 Thread 0x00007ffdbc00e000 nmethod 1066 0x00000001104d9e50 code [0x00000001104da040, 0x00000001104dac08]

GC Heap History (0 events):
No events

Deoptimization events (0 events):
No events

Internal exceptions (10 events):
Event: 2.363 Thread 0x00007ffdbd33e000 Exception <a 'java/security/PrivilegedActionException'> (0x000000076c676990) thrown at [/HUDSON3/workspace/8-2-build-macosx-x86_64/jdk8u20/927.nc/hotspot/src/share/vm/prims/jvm.cpp, line 1275]
Event: 2.364 Thread 0x00007ffdbd33e000 Exception <a 'java/security/PrivilegedActionException'> (0x000000076c67d4c8) thrown at [/HUDSON3/workspace/8-2-build-macosx-x86_64/jdk8u20/927.nc/hotspot/src/share/vm/prims/jvm.cpp, line 1275]
Event: 2.749 Thread 0x00007ffdbc122000 Exception <a 'java/security/PrivilegedActionException'> (0x000000076c8f50f0) thrown at [/HUDSON3/workspace/8-2-build-macosx-x86_64/jdk8u20/927.nc/hotspot/src/share/vm/prims/jvm.cpp, line 1275]
Event: 6.893 Thread 0x00007ffdbd33e000 Exception <a 'java/security/PrivilegedActionException'> (0x000000076c6b1e60) thrown at [/HUDSON3/workspace/8-2-build-macosx-x86_64/jdk8u20/927.nc/hotspot/src/share/vm/prims/jvm.cpp, line 1275]
Event: 6.893 Thread 0x00007ffdbd33e000 Exception <a 'java/security/PrivilegedActionException'> (0x000000076c6b6580) thrown at [/HUDSON3/workspace/8-2-build-macosx-x86_64/jdk8u20/927.nc/hotspot/src/share/vm/prims/jvm.cpp, line 1275]
Event: 6.894 Thread 0x00007ffdbd33e000 Exception <a 'java/security/PrivilegedActionException'> (0x000000076c6be0d8) thrown at [/HUDSON3/workspace/8-2-build-macosx-x86_64/jdk8u20/927.nc/hotspot/src/share/vm/prims/jvm.cpp, line 1275]
Event: 6.894 Thread 0x00007ffdbd33e000 Exception <a 'java/security/PrivilegedActionException'> (0x000000076c6c2bb8) thrown at [/HUDSON3/workspace/8-2-build-macosx-x86_64/jdk8u20/927.nc/hotspot/src/share/vm/prims/jvm.cpp, line 1275]
Event: 6.894 Thread 0x00007ffdbd33e000 Exception <a 'java/security/PrivilegedActionException'> (0x000000076c6cbaa0) thrown at [/HUDSON3/workspace/8-2-build-macosx-x86_64/jdk8u20/927.nc/hotspot/src/share/vm/prims/jvm.cpp, line 1275]
Event: 6.894 Thread 0x00007ffdbd33e000 Exception <a 'java/security/PrivilegedActionException'> (0x000000076c6d0a18) thrown at [/HUDSON3/workspace/8-2-build-macosx-x86_64/jdk8u20/927.nc/hotspot/src/share/vm/prims/jvm.cpp, line 1275]
Event: 8.080 Thread 0x00007ffdbc122000 Exception <a 'java/security/PrivilegedActionException'> (0x000000076c8fc390) thrown at [/HUDSON3/workspace/8-2-build-macosx-x86_64/jdk8u20/927.nc/hotspot/src/share/vm/prims/jvm.cpp, line 1275]

Events (10 events):
Event: 6.915 loading class com/sun/org/apache/xalan/internal/xsltc/trax/DOM2TO done
Event: 6.915 loading class com/sun/org/apache/xml/internal/serializer/WriterToASCI
Event: 6.915 loading class com/sun/org/apache/xml/internal/serializer/WriterToASCI done
Event: 6.916 loading class java/util/concurrent/locks/LockSupport
Event: 6.916 loading class java/util/concurrent/locks/LockSupport done
Event: 6.916 loading class sun/nio/ch/Interruptible
Event: 6.916 loading class sun/nio/ch/Interruptible done
Event: 7.001 Thread 0x00007ffdbd083800 Thread added: 0x00007ffdbd083800
Event: 8.080 loading class com/badlogic/gdx/backends/lwjgl/LwjglApplication$2
Event: 8.080 loading class com/badlogic/gdx/backends/lwjgl/LwjglApplication$2 done


Dynamic libraries:
0x0000000003b83000 	/System/Library/Frameworks/Cocoa.framework/Versions/A/Cocoa
0x0000000003b83000 	/System/Library/Frameworks/Security.framework/Versions/A/Security
0x0000000003b83000 	/System/Library/Frameworks/ApplicationServices.framework/Versions/A/ApplicationServices
0x0000000003b83000 	/usr/lib/libz.1.dylib
0x0000000003b83000 	/usr/lib/libSystem.B.dylib
0x0000000003b83000 	/usr/lib/libobjc.A.dylib
0x0000000003b83000 	/System/Library/Frameworks/CoreFoundation.framework/Versions/A/CoreFoundation
0x0000000003b83000 	/System/Library/Frameworks/Foundation.framework/Versions/C/Foundation
0x0000000003b83000 	/System/Library/Frameworks/AppKit.framework/Versions/C/AppKit
0x0000000003b83000 	/System/Library/Frameworks/CoreData.framework/Versions/A/CoreData
0x0000000003b83000 	/System/Library/PrivateFrameworks/RemoteViewServices.framework/Versions/A/RemoteViewServices
0x0000000003b83000 	/System/Library/PrivateFrameworks/UIFoundation.framework/Versions/A/UIFoundation
0x0000000003b83000 	/System/Library/Frameworks/IOSurface.framework/Versions/A/IOSurface
0x0000000003b83000 	/System/Library/Frameworks/AudioToolbox.framework/Versions/A/AudioToolbox
0x0000000003b83000 	/System/Library/Frameworks/AudioUnit.framework/Versions/A/AudioUnit
0x0000000003b83000 	/System/Library/PrivateFrameworks/DataDetectorsCore.framework/Versions/A/DataDetectorsCore
0x0000000003b83000 	/System/Library/PrivateFrameworks/DesktopServicesPriv.framework/Versions/A/DesktopServicesPriv
0x0000000003b83000 	/System/Library/Frameworks/Carbon.framework/Versions/A/Frameworks/HIToolbox.framework/Versions/A/HIToolbox
0x0000000003b83000 	/System/Library/Frameworks/QuartzCore.framework/Versions/A/QuartzCore
0x0000000003b83000 	/System/Library/Frameworks/Carbon.framework/Versions/A/Frameworks/SpeechRecognition.framework/Versions/A/SpeechRecognition
0x0000000003b83000 	/usr/lib/libauto.dylib
0x0000000003b83000 	/usr/lib/libicucore.A.dylib
0x0000000003b83000 	/usr/lib/libxml2.2.dylib
0x0000000003b83000 	/System/Library/PrivateFrameworks/CoreUI.framework/Versions/A/CoreUI
0x0000000003b83000 	/System/Library/Frameworks/CoreAudio.framework/Versions/A/CoreAudio
0x0000000003b83000 	/System/Library/Frameworks/DiskArbitration.framework/Versions/A/DiskArbitration
0x0000000003b83000 	/usr/lib/liblangid.dylib
0x0000000003b83000 	/System/Library/PrivateFrameworks/MultitouchSupport.framework/Versions/A/MultitouchSupport
0x0000000003b83000 	/System/Library/Frameworks/IOKit.framework/Versions/A/IOKit
0x0000000003b83000 	/usr/lib/libDiagnosticMessagesClient.dylib
0x0000000003b83000 	/System/Library/Frameworks/CoreServices.framework/Versions/A/CoreServices
0x0000000003b83000 	/System/Library/PrivateFrameworks/PerformanceAnalysis.framework/Versions/A/PerformanceAnalysis
0x0000000003b83000 	/System/Library/PrivateFrameworks/GenerationalStorage.framework/Versions/A/GenerationalStorage
0x0000000003b83000 	/System/Library/Frameworks/OpenGL.framework/Versions/A/OpenGL
0x0000000003b83000 	/System/Library/PrivateFrameworks/Sharing.framework/Versions/A/Sharing
0x0000000003b83000 	/System/Library/Frameworks/CoreGraphics.framework/Versions/A/CoreGraphics
0x0000000003b83000 	/System/Library/Frameworks/CoreText.framework/Versions/A/CoreText
0x0000000003b83000 	/System/Library/Frameworks/ImageIO.framework/Versions/A/ImageIO
0x0000000003b83000 	/usr/lib/libextension.dylib
0x0000000003b83000 	/System/Library/PrivateFrameworks/Backup.framework/Versions/A/Backup
0x0000000003b83000 	/usr/lib/libarchive.2.dylib
0x0000000003b83000 	/System/Library/Frameworks/CFNetwork.framework/Versions/A/CFNetwork
0x0000000003b83000 	/System/Library/Frameworks/SystemConfiguration.framework/Versions/A/SystemConfiguration
0x0000000003b83000 	/usr/lib/libCRFSuite.dylib
0x0000000003b83000 	/usr/lib/libc++.1.dylib
0x0000000003b83000 	/usr/lib/libc++abi.dylib
0x0000000003b83000 	/usr/lib/system/libcache.dylib
0x0000000003b83000 	/usr/lib/system/libcommonCrypto.dylib
0x0000000003b83000 	/usr/lib/system/libcompiler_rt.dylib
0x0000000003b83000 	/usr/lib/system/libcopyfile.dylib
0x0000000003b83000 	/usr/lib/system/libcorecrypto.dylib
0x0000000003b83000 	/usr/lib/system/libdispatch.dylib
0x0000000003b83000 	/usr/lib/system/libdyld.dylib
0x0000000003b83000 	/usr/lib/system/libkeymgr.dylib
0x0000000003b83000 	/usr/lib/system/liblaunch.dylib
0x0000000003b83000 	/usr/lib/system/libmacho.dylib
0x0000000003b83000 	/usr/lib/system/libquarantine.dylib
0x0000000003b83000 	/usr/lib/system/libremovefile.dylib
0x0000000003b83000 	/usr/lib/system/libsystem_asl.dylib
0x0000000003b83000 	/usr/lib/system/libsystem_blocks.dylib
0x0000000003b83000 	/usr/lib/system/libsystem_c.dylib
0x0000000003b83000 	/usr/lib/system/libsystem_configuration.dylib
0x0000000003b83000 	/usr/lib/system/libsystem_coreservices.dylib
0x0000000003b83000 	/usr/lib/system/libsystem_coretls.dylib
0x0000000003b83000 	/usr/lib/system/libsystem_dnssd.dylib
0x0000000003b83000 	/usr/lib/system/libsystem_info.dylib
0x0000000003b83000 	/usr/lib/system/libsystem_kernel.dylib
0x0000000003b83000 	/usr/lib/system/libsystem_m.dylib
0x0000000003b83000 	/usr/lib/system/libsystem_malloc.dylib
0x0000000003b83000 	/usr/lib/system/libsystem_network.dylib
0x0000000003b83000 	/usr/lib/system/libsystem_networkextension.dylib
0x0000000003b83000 	/usr/lib/system/libsystem_notify.dylib
0x0000000003b83000 	/usr/lib/system/libsystem_platform.dylib
0x0000000003b83000 	/usr/lib/system/libsystem_pthread.dylib
0x0000000003b83000 	/usr/lib/system/libsystem_sandbox.dylib
0x0000000003b83000 	/usr/lib/system/libsystem_secinit.dylib
0x0000000003b83000 	/usr/lib/system/libsystem_stats.dylib
0x0000000003b83000 	/usr/lib/system/libsystem_trace.dylib
0x0000000003b83000 	/usr/lib/system/libunc.dylib
0x0000000003b83000 	/usr/lib/system/libunwind.dylib
0x0000000003b83000 	/usr/lib/system/libxpc.dylib
0x0000000003b83000 	/usr/lib/libbz2.1.0.dylib
0x0000000003b83000 	/usr/lib/liblzma.5.dylib
0x0000000003b83000 	/usr/lib/libbsm.0.dylib
0x0000000003b83000 	/usr/lib/libsqlite3.dylib
0x0000000003b83000 	/usr/lib/system/libkxld.dylib
0x0000000003b83000 	/usr/lib/libxar.1.dylib
0x0000000003b83000 	/usr/lib/libpam.2.dylib
0x0000000003b83000 	/usr/lib/libOpenScriptingUtil.dylib
0x0000000003b83000 	/System/Library/Frameworks/CoreServices.framework/Versions/A/Frameworks/FSEvents.framework/Versions/A/FSEvents
0x0000000003b83000 	/System/Library/Frameworks/CoreServices.framework/Versions/A/Frameworks/CarbonCore.framework/Versions/A/CarbonCore
0x0000000003b83000 	/System/Library/Frameworks/CoreServices.framework/Versions/A/Frameworks/Metadata.framework/Versions/A/Metadata
0x0000000003b83000 	/System/Library/Frameworks/CoreServices.framework/Versions/A/Frameworks/OSServices.framework/Versions/A/OSServices
0x0000000003b83000 	/System/Library/Frameworks/CoreServices.framework/Versions/A/Frameworks/SearchKit.framework/Versions/A/SearchKit
0x0000000003b83000 	/System/Library/Frameworks/CoreServices.framework/Versions/A/Frameworks/AE.framework/Versions/A/AE
0x0000000003b83000 	/System/Library/Frameworks/CoreServices.framework/Versions/A/Frameworks/LaunchServices.framework/Versions/A/LaunchServices
0x0000000003b83000 	/System/Library/Frameworks/CoreServices.framework/Versions/A/Frameworks/DictionaryServices.framework/Versions/A/DictionaryServices
0x0000000003b83000 	/System/Library/Frameworks/NetFS.framework/Versions/A/NetFS
0x0000000003b83000 	/System/Library/PrivateFrameworks/NetAuth.framework/Versions/A/NetAuth
0x0000000003b83000 	/System/Library/PrivateFrameworks/login.framework/Versions/A/Frameworks/loginsupport.framework/Versions/A/loginsupport
0x0000000003b83000 	/System/Library/PrivateFrameworks/TCC.framework/Versions/A/TCC
0x0000000003b83000 	/usr/lib/libmecabra.dylib
0x0000000003b83000 	/System/Library/Frameworks/ApplicationServices.framework/Versions/A/Frameworks/ATS.framework/Versions/A/ATS
0x0000000003b83000 	/System/Library/Frameworks/ApplicationServices.framework/Versions/A/Frameworks/ColorSync.framework/Versions/A/ColorSync
0x0000000003b83000 	/System/Library/Frameworks/ApplicationServices.framework/Versions/A/Frameworks/HIServices.framework/Versions/A/HIServices
0x0000000003b83000 	/System/Library/Frameworks/ApplicationServices.framework/Versions/A/Frameworks/LangAnalysis.framework/Versions/A/LangAnalysis
0x0000000003b83000 	/System/Library/Frameworks/ApplicationServices.framework/Versions/A/Frameworks/PrintCore.framework/Versions/A/PrintCore
0x0000000003b83000 	/System/Library/Frameworks/ApplicationServices.framework/Versions/A/Frameworks/QD.framework/Versions/A/QD
0x0000000003b83000 	/System/Library/Frameworks/ApplicationServices.framework/Versions/A/Frameworks/SpeechSynthesis.framework/Versions/A/SpeechSynthesis
0x0000000003b83000 	/System/Library/Frameworks/Accelerate.framework/Versions/A/Accelerate
0x0000000003b83000 	/System/Library/Frameworks/Accelerate.framework/Versions/A/Frameworks/vImage.framework/Versions/A/vImage
0x0000000003b83000 	/System/Library/Frameworks/Accelerate.framework/Versions/A/Frameworks/vecLib.framework/Versions/A/vecLib
0x0000000003b83000 	/System/Library/Frameworks/Accelerate.framework/Versions/A/Frameworks/vecLib.framework/Versions/A/libvDSP.dylib
0x0000000003b83000 	/System/Library/Frameworks/Accelerate.framework/Versions/A/Frameworks/vecLib.framework/Versions/A/libvMisc.dylib
0x0000000003b83000 	/System/Library/Frameworks/Accelerate.framework/Versions/A/Frameworks/vecLib.framework/Versions/A/libLAPACK.dylib
0x0000000003b83000 	/System/Library/Frameworks/Accelerate.framework/Versions/A/Frameworks/vecLib.framework/Versions/A/libBLAS.dylib
0x0000000003b83000 	/System/Library/Frameworks/Accelerate.framework/Versions/A/Frameworks/vecLib.framework/Versions/A/libLinearAlgebra.dylib
0x0000000003b83000 	/System/Library/Frameworks/ApplicationServices.framework/Versions/A/Frameworks/ATS.framework/Versions/A/Resources/libFontParser.dylib
0x0000000003b83000 	/System/Library/Frameworks/ApplicationServices.framework/Versions/A/Frameworks/ATS.framework/Versions/A/Resources/libFontRegistry.dylib
0x0000000003b83000 	/System/Library/PrivateFrameworks/AppleVPA.framework/Versions/A/AppleVPA
0x0000000003b83000 	/System/Library/PrivateFrameworks/AppleJPEG.framework/Versions/A/AppleJPEG
0x0000000003b83000 	/System/Library/Frameworks/ImageIO.framework/Versions/A/Resources/libJPEG.dylib
0x0000000003b83000 	/System/Library/Frameworks/ImageIO.framework/Versions/A/Resources/libTIFF.dylib
0x0000000003b83000 	/System/Library/Frameworks/ImageIO.framework/Versions/A/Resources/libPng.dylib
0x0000000003b83000 	/System/Library/Frameworks/ImageIO.framework/Versions/A/Resources/libGIF.dylib
0x0000000003b83000 	/System/Library/Frameworks/ImageIO.framework/Versions/A/Resources/libJP2.dylib
0x0000000003b83000 	/System/Library/Frameworks/ImageIO.framework/Versions/A/Resources/libRadiance.dylib
0x0000000003b83000 	/System/Library/Frameworks/CoreVideo.framework/Versions/A/CoreVideo
0x0000000003b83000 	/System/Library/Frameworks/OpenGL.framework/Versions/A/Libraries/libGLU.dylib
0x0000000003b83000 	/System/Library/Frameworks/OpenGL.framework/Versions/A/Libraries/libGFXShared.dylib
0x0000000003b83000 	/System/Library/Frameworks/OpenGL.framework/Versions/A/Libraries/libGL.dylib
0x0000000003b83000 	/System/Library/Frameworks/OpenGL.framework/Versions/A/Libraries/libGLImage.dylib
0x0000000003b83000 	/System/Library/Frameworks/OpenGL.framework/Versions/A/Libraries/libCVMSPluginSupport.dylib
0x0000000003b83000 	/System/Library/Frameworks/OpenGL.framework/Versions/A/Libraries/libCoreVMClient.dylib
0x0000000003b83000 	/usr/lib/libcups.2.dylib
0x0000000003b83000 	/System/Library/Frameworks/Kerberos.framework/Versions/A/Kerberos
0x0000000003b83000 	/System/Library/Frameworks/GSS.framework/Versions/A/GSS
0x0000000003b83000 	/usr/lib/libresolv.9.dylib
0x0000000003b83000 	/usr/lib/libiconv.2.dylib
0x0000000003b83000 	/System/Library/PrivateFrameworks/Heimdal.framework/Versions/A/Heimdal
0x0000000003b83000 	/usr/lib/libheimdal-asn1.dylib
0x0000000003b83000 	/System/Library/Frameworks/OpenDirectory.framework/Versions/A/OpenDirectory
0x0000000003b83000 	/System/Library/PrivateFrameworks/CommonAuth.framework/Versions/A/CommonAuth
0x0000000003b83000 	/System/Library/Frameworks/OpenDirectory.framework/Versions/A/Frameworks/CFOpenDirectory.framework/Versions/A/CFOpenDirectory
0x0000000003b83000 	/System/Library/Frameworks/SecurityFoundation.framework/Versions/A/SecurityFoundation
0x0000000003b83000 	/System/Library/PrivateFrameworks/LanguageModeling.framework/Versions/A/LanguageModeling
0x0000000003b83000 	/usr/lib/libcmph.dylib
0x0000000003b83000 	/System/Library/Frameworks/ServiceManagement.framework/Versions/A/ServiceManagement
0x0000000003b83000 	/usr/lib/libxslt.1.dylib
0x0000000003b83000 	/System/Library/Frameworks/Carbon.framework/Versions/A/Frameworks/Ink.framework/Versions/A/Ink
0x0000000003b83000 	/System/Library/Frameworks/QuartzCore.framework/Versions/A/Frameworks/CoreImage.framework/Versions/A/CoreImage
0x0000000003b83000 	/System/Library/PrivateFrameworks/CrashReporterSupport.framework/Versions/A/CrashReporterSupport
0x0000000003b83000 	/System/Library/Frameworks/OpenCL.framework/Versions/A/OpenCL
0x0000000003b83000 	/System/Library/PrivateFrameworks/FaceCore.framework/Versions/A/FaceCore
0x0000000003b83000 	/System/Library/PrivateFrameworks/Ubiquity.framework/Versions/A/Ubiquity
0x0000000003b83000 	/System/Library/PrivateFrameworks/IconServices.framework/Versions/A/IconServices
0x0000000003b83000 	/System/Library/PrivateFrameworks/ChunkingLibrary.framework/Versions/A/ChunkingLibrary
0x0000000003b83000 	/System/Library/PrivateFrameworks/Apple80211.framework/Versions/A/Apple80211
0x0000000003b83000 	/System/Library/Frameworks/CoreWLAN.framework/Versions/A/CoreWLAN
0x0000000003b83000 	/System/Library/Frameworks/IOBluetooth.framework/Versions/A/IOBluetooth
0x0000000003b83000 	/System/Library/PrivateFrameworks/CoreWiFi.framework/Versions/A/CoreWiFi
0x0000000003b83000 	/System/Library/Frameworks/CoreBluetooth.framework/Versions/A/CoreBluetooth
0x0000000003b83000 	/System/Library/PrivateFrameworks/DebugSymbols.framework/Versions/A/DebugSymbols
0x0000000003b83000 	/System/Library/PrivateFrameworks/CoreSymbolication.framework/Versions/A/CoreSymbolication
0x0000000003b83000 	/System/Library/PrivateFrameworks/Symbolication.framework/Versions/A/Symbolication
0x0000000003b83000 	/System/Library/PrivateFrameworks/SpeechRecognitionCore.framework/Versions/A/SpeechRecognitionCore
0x000000010f200000 	/Library/Java/JavaVirtualMachines/jdk1.8.0_20.jdk/Contents/Home/jre/lib/server/libjvm.dylib
0x0000000003b83000 	/usr/lib/libstdc++.6.dylib
0x000000010e176000 	/Library/Java/JavaVirtualMachines/jdk1.8.0_20.jdk/Contents/Home/jre/lib/libverify.dylib
0x000000010e184000 	/Library/Java/JavaVirtualMachines/jdk1.8.0_20.jdk/Contents/Home/jre/lib/libjava.dylib
0x000000010e1c2000 	/Library/Java/JavaVirtualMachines/jdk1.8.0_20.jdk/Contents/Home/jre/lib/libzip.dylib
0x000000012bcc5000 	/System/Library/Frameworks/JavaVM.framework/Frameworks/JavaRuntimeSupport.framework/JavaRuntimeSupport
0x000000012bcdd000 	/System/Library/Frameworks/JavaVM.framework/Versions/A/Frameworks/JavaNativeFoundation.framework/Versions/A/JavaNativeFoundation
0x000000012bcf2000 	/System/Library/Frameworks/JavaVM.framework/Versions/A/JavaVM
0x0000000003b83000 	/System/Library/Frameworks/Carbon.framework/Versions/A/Carbon
0x000000010e1f4000 	/System/Library/PrivateFrameworks/JavaLaunching.framework/Versions/A/JavaLaunching
0x0000000003b83000 	/System/Library/Frameworks/Carbon.framework/Versions/A/Frameworks/CommonPanels.framework/Versions/A/CommonPanels
0x0000000003b83000 	/System/Library/Frameworks/Carbon.framework/Versions/A/Frameworks/Help.framework/Versions/A/Help
0x0000000003b83000 	/System/Library/Frameworks/Carbon.framework/Versions/A/Frameworks/ImageCapture.framework/Versions/A/ImageCapture
0x0000000003b83000 	/System/Library/Frameworks/Carbon.framework/Versions/A/Frameworks/OpenScripting.framework/Versions/A/OpenScripting
0x0000000003b83000 	/System/Library/Frameworks/Carbon.framework/Versions/A/Frameworks/Print.framework/Versions/A/Print
0x0000000003b83000 	/System/Library/Frameworks/Carbon.framework/Versions/A/Frameworks/SecurityHI.framework/Versions/A/SecurityHI
0x000000012dcb2000 	/private/var/folders/g8/gwt94t_x3pg1002m6j1pcgbr0000gn/T/libgdxkellymaestri/d8ae55ed/libgdx64.dylib
0x000000012dcfc000 	/Library/Java/JavaVirtualMachines/jdk1.8.0_20.jdk/Contents/Home/jre/lib/libawt.dylib
0x000000012ddab000 	/Library/Java/JavaVirtualMachines/jdk1.8.0_20.jdk/Contents/Home/jre/lib/./libmlib_image.dylib
0x000000012de77000 	/Library/Java/JavaVirtualMachines/jdk1.8.0_20.jdk/Contents/Home/jre/lib/libawt_lwawt.dylib
0x000000012df2a000 	/Library/Java/JavaVirtualMachines/jdk1.8.0_20.jdk/Contents/Home/jre/lib/./libosxapp.dylib
0x0000000003b83000 	/System/Library/Frameworks/ExceptionHandling.framework/Versions/A/ExceptionHandling
0x0000000003b83000 	/System/Library/PrivateFrameworks/CoreServicesInternal.framework/Versions/A/CoreServicesInternal
0x0000000003b83000 	/System/Library/PrivateFrameworks/CloudDocs.framework/Versions/A/CloudDocs
0x0000000003b83000 	/System/Library/PrivateFrameworks/CoreDuet.framework/Versions/A/CoreDuet
0x0000000003b83000 	/System/Library/Frameworks/CloudKit.framework/Versions/A/CloudKit
0x0000000003b83000 	/System/Library/PrivateFrameworks/ProtocolBuffer.framework/Versions/A/ProtocolBuffer
0x0000000003b83000 	/System/Library/PrivateFrameworks/CoreDuetDaemonProtocol.framework/Versions/A/CoreDuetDaemonProtocol
0x0000000003b83000 	/System/Library/PrivateFrameworks/CoreDuetDebugLogging.framework/Versions/A/CoreDuetDebugLogging
0x0000000003b83000 	/System/Library/Frameworks/CoreLocation.framework/Versions/A/CoreLocation
0x0000000003b83000 	/System/Library/Frameworks/Accounts.framework/Versions/A/Accounts
0x0000000003b83000 	/System/Library/PrivateFrameworks/ApplePushService.framework/Versions/A/ApplePushService
0x0000000003b83000 	/System/Library/PrivateFrameworks/GeoServices.framework/Versions/A/GeoServices
0x0000000003b83000 	/System/Library/PrivateFrameworks/OAuth.framework/Versions/A/OAuth
0x0000000003b83000 	/System/Library/PrivateFrameworks/CoreDaemon.framework/Versions/B/CoreDaemon
0x0000000003b83000 	/usr/lib/libcrypto.0.9.8.dylib
0x0000000003b83000 	/System/Library/PrivateFrameworks/AppleSRP.framework/Versions/A/AppleSRP
0x0000000003b83000 	/System/Library/PrivateFrameworks/TrustEvaluationAgent.framework/Versions/A/TrustEvaluationAgent
0x0000000003b83000 	/System/Library/Frameworks/CoreGraphics.framework/Versions/A/Resources/libCGCMS.A.dylib
0x0000000003b83000 	/System/Library/Frameworks/CoreGraphics.framework/Versions/A/Resources/libRIP.A.dylib
0x0000000003b83000 	/System/Library/Frameworks/CoreGraphics.framework/Versions/A/Resources/libCGXType.A.dylib
0x0000000003b83000 	/System/Library/Frameworks/OpenCL.framework/Versions/A/Libraries/libcldcpuengine.dylib
0x0000000003b83000 	/System/Library/PrivateFrameworks/DiskImages.framework/Versions/A/DiskImages
0x0000000003b83000 	/System/Library/Frameworks/DiscRecording.framework/Versions/A/DiscRecording
0x0000000003b83000 	/usr/lib/libcsfde.dylib
0x0000000003b83000 	/usr/lib/libcurl.4.dylib
0x0000000003b83000 	/System/Library/PrivateFrameworks/MediaKit.framework/Versions/A/MediaKit
0x0000000003b83000 	/System/Library/PrivateFrameworks/ProtectedCloudStorage.framework/Versions/A/ProtectedCloudStorage
0x0000000003b83000 	/usr/lib/libCoreStorage.dylib
0x0000000003b83000 	/System/Library/PrivateFrameworks/EFILogin.framework/Versions/A/EFILogin
0x0000000003b83000 	/usr/lib/libutil.dylib
0x0000000003b83000 	/System/Library/PrivateFrameworks/FindMyDevice.framework/Versions/A/FindMyDevice
0x0000000003b83000 	/System/Library/Frameworks/LDAP.framework/Versions/A/LDAP
0x0000000003b83000 	/usr/lib/libsasl2.2.dylib
0x000000013101f000 	cl_kernels
0x0000000131021000 	/System/Library/Frameworks/OpenCL.framework/Versions/A/Libraries/ImageFormats/unorm8_bgra.dylib
0x0000000131011000 	cl_kernels
0x0000000003b83000 	/System/Library/PrivateFrameworks/FamilyControls.framework/Versions/A/FamilyControls
0x0000000003b83000 	/System/Library/PrivateFrameworks/CommerceKit.framework/Versions/A/Frameworks/CommerceCore.framework/Versions/A/CommerceCore
0x0000000003b83000 	/System/Library/PrivateFrameworks/SystemAdministration.framework/Versions/A/SystemAdministration
0x0000000003b83000 	/System/Library/PrivateFrameworks/AppContainer.framework/Versions/A/AppContainer
0x0000000003b83000 	/System/Library/PrivateFrameworks/SecCodeWrapper.framework/Versions/A/SecCodeWrapper
0x0000000003b83000 	/System/Library/Frameworks/DirectoryService.framework/Versions/A/DirectoryService
0x0000000003b83000 	/System/Library/PrivateFrameworks/LoginUIKit.framework/Versions/A/Frameworks/LoginUICore.framework/Versions/A/LoginUICore
0x0000000003b83000 	/usr/lib/libodfde.dylib
0x000000013255a000 	/Library/Java/JavaVirtualMachines/jdk1.8.0_20.jdk/Contents/Home/jre/lib/libfontmanager.dylib
0x00000001325c0000 	/private/var/folders/g8/gwt94t_x3pg1002m6j1pcgbr0000gn/T/libgdxkellymaestri/f7649394/liblwjgl.dylib
0x0000000130481000 	/Library/Java/JavaVirtualMachines/jdk1.8.0_20.jdk/Contents/Home/jre/lib/libjawt.dylib
0x0000000132642000 	/var/folders/g8/gwt94t_x3pg1002m6j1pcgbr0000gn/T/libgdxkellymaestri/f7649394/openal.dylib
0x00000001326b1000 	/System/Library/Components/CoreAudio.component/Contents/MacOS/CoreAudio
0x0000000130499000 	/System/Library/Extensions/AppleHDA.kext/Contents/PlugIns/AppleHDAHALPlugIn.bundle/Contents/MacOS/AppleHDAHALPlugIn
0x0000000003b83000 	/System/Library/Frameworks/OpenGL.framework/Versions/A/Resources/GLEngine.bundle/GLEngine
0x0000000003b83000 	/System/Library/Frameworks/OpenGL.framework/Versions/A/Libraries/libGLProgrammability.dylib
0x0000000000000000 	/System/Library/Extensions/AppleIntelHD4000GraphicsGLDriver.bundle/Contents/MacOS/AppleIntelHD4000GraphicsGLDriver
0x0000000003b83000 	/System/Library/PrivateFrameworks/IOAccelerator.framework/Versions/A/IOAccelerator
0x0000000003b83000 	/System/Library/PrivateFrameworks/GPUSupport.framework/Versions/A/Libraries/libGPUSupportMercury.dylib
0x0000000000000000 	/System/Library/Extensions/GeForceGLDriver.bundle/Contents/MacOS/GeForceGLDriver
0x0000000003b83000 	/System/Library/Extensions/GeForceGLDriver.bundle/Contents/MacOS/libclh.dylib
0x0000000003b83000 	/System/Library/Frameworks/OpenGL.framework/Versions/A/Resources/GLRendererFloat.bundle/GLRendererFloat
0x00000001355ca000 	/Library/Java/JavaVirtualMachines/jdk1.8.0_20.jdk/Contents/Home/jre/lib/libnet.dylib

VM Arguments:
jvm_args: -Dfile.encoding=UTF-8 
java_command: edu.oswego.franticphases.desktop.DesktopLauncher
java_class_path (initial): /Users/kellymaestri/Desktop/workspace/FranticPhases/desktop/bin:/Users/kellymaestri/Desktop/workspace/FranticPhases/core/bin:/Users/kellymaestri/.gradle/caches/modules-2/files-2.1/com.badlogicgames.gdx/gdx/1.5.3/3b8f2a7e697b097735ec8fd2b9d576d0959cb7c9/gdx-1.5.3.jar:/Users/kellymaestri/.gradle/caches/modules-2/files-2.1/com.badlogicgames.gdx/gdx-box2d/1.5.3/52bc9ff881a6eb1731eb2f54b5016425cae05024/gdx-box2d-1.5.3.jar:/Users/kellymaestri/.gradle/caches/modules-2/files-2.1/com.badlogicgames.gdx/gdx-bullet/1.5.3/f81fca9f389bb213e58a45f590ac97b6da9a15aa/gdx-bullet-1.5.3.jar:/Users/kellymaestri/.gradle/caches/modules-2/files-2.1/com.badlogicgames.gdx/gdx-freetype/1.5.3/f77c1547eca7c5f508367f7034a509677b157a8b/gdx-freetype-1.5.3.jar:/Users/kellymaestri/.gradle/caches/modules-2/files-2.1/com.badlogicgames.gdx/gdx-backend-lwjgl/1.5.3/1dac61f666ee49787b623de5ac006245a06572b1/gdx-backend-lwjgl-1.5.3.jar:/Users/kellymaestri/.gradle/caches/modules-2/files-2.1/com.badlogicgames.gdx/gdx-platform/1.5.3/ca6446f72f86f99ae181da5d327094aa758f2023/gdx-platform-1.5.3-natives-desktop.jar:/Users/kellymaestri/.gradle/caches/modules-2/files-2.1/com.badlogicgames.gdx/gdx-box2d-platform/1.5.3/b9d5a20438a0dd1270109e87ce160087bf8f4be8/gdx-box2d-platform-1.5.3-natives-desktop.jar:/Users/kellymaestri/.gradle/caches/modules-2/files-2.1/com.badlogicgames.gdx/gdx-bullet-platform/1.5.3/e432220bf71f1c20f3d33a14b169608c66203783/gdx-bullet-platform-1.5.3-natives-desktop.jar:/Users/kellymaestri/.gradle/caches/modules-2/files-2.1/com.badlogicgames.gdx/gdx-freetype-platform/1.5.3/7f1207c7f94912d317ae5e81d5ebc9d9262aabc0/gdx-freetype-platform-1.5.3-natives-desktop.jar:/Users/kellymaestri/.gradle/caches/modules-2/files-2.1/org.lwjgl.lwjgl/lwjgl/2.9.2/a9d80fe5935c7a9149f6584d9777cfd471f65489/lwjgl-2.9.2.jar:/Users/kellymaestri/.gradle/caches/modules-2/files-2.1/org.lwjgl.lwjgl/lwjgl_util/2.9.2/4b9e37300a87799856e0bd15ed81663cdb6b0947/lwjgl_util-2.9.2.jar:/Users/kellymaestri/.gradl
Launcher Type: SUN_STANDARD

Environment Variables:
PATH=/usr/bin:/bin:/usr/sbin:/sbin
SHELL=/bin/bash
DISPLAY=/private/tmp/com.apple.launchd.zR3xLBadvG/org.macosforge.xquartz:0

Signal Handlers:
SIGSEGV: [libjvm.dylib+0x579007], sa_mask[0]=11111111011111110111111111111111, sa_flags=SA_ONSTACK|SA_RESTART|SA_SIGINFO
SIGBUS: [libjvm.dylib+0x579007], sa_mask[0]=11111111011111110111111111111111, sa_flags=SA_RESTART|SA_SIGINFO
SIGFPE: [libjvm.dylib+0x45ab3c], sa_mask[0]=11111111011111110111111111111111, sa_flags=SA_RESTART|SA_SIGINFO
SIGPIPE: [libjvm.dylib+0x45ab3c], sa_mask[0]=11111111011111110111111111111111, sa_flags=SA_RESTART|SA_SIGINFO
SIGXFSZ: [libjvm.dylib+0x45ab3c], sa_mask[0]=11111111011111110111111111111111, sa_flags=SA_RESTART|SA_SIGINFO
SIGILL: [libjvm.dylib+0x45ab3c], sa_mask[0]=11111111011111110111111111111111, sa_flags=SA_RESTART|SA_SIGINFO
SIGUSR1: SIG_DFL, sa_mask[0]=00000000000000000000000000000000, sa_flags=none
SIGUSR2: [libjvm.dylib+0x45a65a], sa_mask[0]=00100000000000000000000000000000, sa_flags=SA_RESTART|SA_SIGINFO
SIGHUP: [libjvm.dylib+0x458c2d], sa_mask[0]=11111111011111110111111111111111, sa_flags=SA_RESTART|SA_SIGINFO
SIGINT: [libjvm.dylib+0x458c2d], sa_mask[0]=11111111011111110111111111111111, sa_flags=SA_RESTART|SA_SIGINFO
SIGTERM: [libjvm.dylib+0x458c2d], sa_mask[0]=11111111011111110111111111111111, sa_flags=SA_RESTART|SA_SIGINFO
SIGQUIT: [libjvm.dylib+0x458c2d], sa_mask[0]=11111111011111110111111111111111, sa_flags=SA_RESTART|SA_SIGINFO


---------------  S Y S T E M  ---------------

OS:Bsduname:Darwin 14.1.0 Darwin Kernel Version 14.1.0: Mon Dec 22 23:10:38 PST 2014; root:xnu-2782.10.72~2/RELEASE_X86_64 x86_64
rlimit: STACK 8192k, CORE 0k, NPROC 709, NOFILE 10240, AS infinity
load average:1.84 1.76 1.70

CPU:total 8 (4 cores per cpu, 2 threads per core) family 6 model 58 stepping 9, cmov, cx8, fxsr, mmx, sse, sse2, sse3, ssse3, sse4.1, sse4.2, popcnt, avx, aes, clmul, erms, ht, tsc, tscinvbit, tscinv

Memory: 4k page, physical 16777216k(1111660k free)

/proc/meminfo:


vm_info: Java HotSpot(TM) 64-Bit Server VM (25.20-b22) for bsd-amd64 JRE (1.8.0_20-ea-b23), built on Jul 15 2014 22:51:20 by "java_re" with gcc 4.2.1 (Based on Apple Inc. build 5658) (LLVM build 2336.9.00)

time: Sat May  2 19:46:45 2015
elapsed time: 8 seconds (0d 0h 0m 8s)

